c:\users\riana\desktop\gg31\後期\01_dxproject_depthshadow\directxproject\x64\debug\vc142.pdb
c:\users\riana\desktop\gg31\後期\01_dxproject_depthshadow\directxproject\x64\debug\vc142.idb
c:\users\riana\desktop\gg31\後期\01_dxproject_depthshadow\directxproject\x64\debug\printscreen.obj
c:\users\riana\desktop\gg31\後期\01_dxproject_depthshadow\directxproject\x64\debug\menu.obj
c:\users\riana\desktop\gg31\後期\01_dxproject_depthshadow\directxproject\x64\debug\manipulator.obj
c:\users\riana\desktop\gg31\後期\01_dxproject_depthshadow\directxproject\x64\debug\log.obj
c:\users\riana\desktop\gg31\後期\01_dxproject_depthshadow\directxproject\x64\debug\geometory.obj
c:\users\riana\desktop\gg31\後期\01_dxproject_depthshadow\directxproject\x64\debug\debug.obj
c:\users\riana\desktop\gg31\後期\01_dxproject_depthshadow\directxproject\x64\debug\collision.obj
c:\users\riana\desktop\gg31\後期\01_dxproject_depthshadow\directxproject\x64\debug\cameramanager.obj
c:\users\riana\desktop\gg31\後期\01_dxproject_depthshadow\directxproject\x64\debug\cameradebug.obj
c:\users\riana\desktop\gg31\後期\01_dxproject_depthshadow\directxproject\x64\debug\camera.obj
c:\users\riana\desktop\gg31\後期\01_dxproject_depthshadow\directxproject\x64\debug\camera2d.obj
c:\users\riana\desktop\gg31\後期\01_dxproject_depthshadow\directxproject\x64\debug\startup.obj
c:\users\riana\desktop\gg31\後期\01_dxproject_depthshadow\directxproject\x64\debug\shaderlist.obj
c:\users\riana\desktop\gg31\後期\01_dxproject_depthshadow\directxproject\x64\debug\tangentmodel.obj
c:\users\riana\desktop\gg31\後期\01_dxproject_depthshadow\directxproject\x64\debug\shaderscene.obj
c:\users\riana\desktop\gg31\後期\01_dxproject_depthshadow\directxproject\x64\debug\main.obj
c:\users\riana\desktop\gg31\後期\01_dxproject_depthshadow\directxproject\x64\debug\gglightcamera.obj
c:\users\riana\desktop\gg31\後期\01_dxproject_depthshadow\directxproject\x64\debug\gglevelmain.obj
c:\users\riana\desktop\gg31\後期\01_dxproject_depthshadow\directxproject\x64\debug\ggdepthshadow.obj
c:\users\riana\desktop\gg31\後期\01_dxproject_depthshadow\directxproject\x64\debug\ggdepthfade.obj
c:\users\riana\desktop\gg31\後期\01_dxproject_depthshadow\directxproject\x64\debug\rendertarget.obj
c:\users\riana\desktop\gg31\後期\01_dxproject_depthshadow\directxproject\x64\debug\depthstencil.obj
c:\users\riana\desktop\gg31\後期\01_dxproject_depthshadow\directxproject\x64\debug\scenemanager.obj
c:\users\riana\desktop\gg31\後期\01_dxproject_depthshadow\directxproject\x64\debug\scenebase.obj
c:\users\riana\desktop\gg31\後期\01_dxproject_depthshadow\directxproject\x64\debug\samplescene.obj
c:\users\riana\desktop\gg31\後期\01_dxproject_depthshadow\directxproject\x64\debug\math.obj
c:\users\riana\desktop\gg31\後期\01_dxproject_depthshadow\directxproject\x64\debug\input.obj
c:\users\riana\desktop\gg31\後期\01_dxproject_depthshadow\directxproject\x64\debug\text.obj
c:\users\riana\desktop\gg31\後期\01_dxproject_depthshadow\directxproject\x64\debug\shader.obj
c:\users\riana\desktop\gg31\後期\01_dxproject_depthshadow\directxproject\x64\debug\samplerstate.obj
c:\users\riana\desktop\gg31\後期\01_dxproject_depthshadow\directxproject\x64\debug\font.obj
c:\users\riana\desktop\gg31\後期\01_dxproject_depthshadow\directxproject\x64\debug\dxbuffer.obj
c:\users\riana\desktop\gg31\後期\01_dxproject_depthshadow\directxproject\x64\debug\graphics.obj
c:\users\riana\desktop\gg31\後期\01_dxproject_depthshadow\directxproject\x64\debug\directx.obj
c:\users\riana\desktop\gg31\後期\01_dxproject_depthshadow\directxproject\x64\debug\depthstencilstate.obj
c:\users\riana\desktop\gg31\後期\01_dxproject_depthshadow\directxproject\x64\debug\fbxloadmesh.obj
c:\users\riana\desktop\gg31\後期\01_dxproject_depthshadow\directxproject\x64\debug\fbxloadmaterial.obj
c:\users\riana\desktop\gg31\後期\01_dxproject_depthshadow\directxproject\x64\debug\fbxloader.obj
c:\users\riana\desktop\gg31\後期\01_dxproject_depthshadow\directxproject\x64\debug\fbxloadbone.obj
c:\users\riana\desktop\gg31\後期\01_dxproject_depthshadow\directxproject\x64\debug\fbxloadanimation.obj
c:\users\riana\desktop\gg31\後期\01_dxproject_depthshadow\directxproject\x64\debug\texturefiltersdf.obj
c:\users\riana\desktop\gg31\後期\01_dxproject_depthshadow\directxproject\x64\debug\texturefilter.obj
c:\users\riana\desktop\gg31\後期\01_dxproject_depthshadow\directxproject\x64\debug\texturefactory.obj
c:\users\riana\desktop\gg31\後期\01_dxproject_depthshadow\directxproject\x64\debug\texture.obj
f:\02_dxproject_depthfade\directxproject\x64\debug\vc142.pdb
f:\02_dxproject_depthfade\directxproject\x64\debug\vc142.idb
f:\02_dxproject_depthfade\directxproject\x64\debug\printscreen.obj
f:\02_dxproject_depthfade\directxproject\x64\debug\menu.obj
f:\02_dxproject_depthfade\directxproject\x64\debug\manipulator.obj
f:\02_dxproject_depthfade\directxproject\x64\debug\log.obj
f:\02_dxproject_depthfade\directxproject\x64\debug\geometory.obj
f:\02_dxproject_depthfade\directxproject\x64\debug\debug.obj
f:\02_dxproject_depthfade\directxproject\x64\debug\collision.obj
f:\02_dxproject_depthfade\directxproject\x64\debug\cameramanager.obj
f:\02_dxproject_depthfade\directxproject\x64\debug\cameradebug.obj
f:\02_dxproject_depthfade\directxproject\x64\debug\camera.obj
f:\02_dxproject_depthfade\directxproject\x64\debug\camera2d.obj
f:\02_dxproject_depthfade\directxproject\x64\debug\startup.obj
f:\02_dxproject_depthfade\directxproject\x64\debug\shaderlist.obj
f:\02_dxproject_depthfade\directxproject\x64\debug\tangentmodel.obj
f:\02_dxproject_depthfade\directxproject\x64\debug\shaderscene.obj
f:\02_dxproject_depthfade\directxproject\x64\debug\main.obj
f:\02_dxproject_depthfade\directxproject\x64\debug\gglightcamera.obj
f:\02_dxproject_depthfade\directxproject\x64\debug\gglevelmain.obj
f:\02_dxproject_depthfade\directxproject\x64\debug\ggdepthshadow.obj
f:\02_dxproject_depthfade\directxproject\x64\debug\ggdepthfade.obj
f:\02_dxproject_depthfade\directxproject\x64\debug\rendertarget.obj
f:\02_dxproject_depthfade\directxproject\x64\debug\depthstencil.obj
f:\02_dxproject_depthfade\directxproject\x64\debug\scenemanager.obj
f:\02_dxproject_depthfade\directxproject\x64\debug\scenebase.obj
f:\02_dxproject_depthfade\directxproject\x64\debug\samplescene.obj
f:\02_dxproject_depthfade\directxproject\x64\debug\math.obj
f:\02_dxproject_depthfade\directxproject\x64\debug\input.obj
f:\02_dxproject_depthfade\directxproject\x64\debug\text.obj
f:\02_dxproject_depthfade\directxproject\x64\debug\shader.obj
f:\02_dxproject_depthfade\directxproject\x64\debug\samplerstate.obj
f:\02_dxproject_depthfade\directxproject\x64\debug\font.obj
f:\02_dxproject_depthfade\directxproject\x64\debug\dxbuffer.obj
f:\02_dxproject_depthfade\directxproject\x64\debug\graphics.obj
f:\02_dxproject_depthfade\directxproject\x64\debug\directx.obj
f:\02_dxproject_depthfade\directxproject\x64\debug\depthstencilstate.obj
f:\02_dxproject_depthfade\directxproject\x64\debug\fbxloadmesh.obj
f:\02_dxproject_depthfade\directxproject\x64\debug\fbxloadmaterial.obj
f:\02_dxproject_depthfade\directxproject\x64\debug\fbxloader.obj
f:\02_dxproject_depthfade\directxproject\x64\debug\fbxloadbone.obj
f:\02_dxproject_depthfade\directxproject\x64\debug\fbxloadanimation.obj
f:\02_dxproject_depthfade\directxproject\x64\debug\texturefiltersdf.obj
f:\02_dxproject_depthfade\directxproject\x64\debug\texturefilter.obj
f:\02_dxproject_depthfade\directxproject\x64\debug\texturefactory.obj
f:\02_dxproject_depthfade\directxproject\x64\debug\texture.obj
c:\users\riana\desktop\gg31\後期\01_dxproject_depthshadow\directxproject\assets\depthshadowps.cso
c:\users\riana\desktop\gg31\後期\01_dxproject_depthshadow\directxproject\assets\depthshadowvs.cso
c:\users\riana\desktop\gg31\後期\01_dxproject_depthshadow\directxproject\assets\depthwriteps.cso
c:\users\riana\desktop\gg31\後期\01_dxproject_depthshadow\directxproject\assets\depthwritevs.cso
c:\users\riana\desktop\gg31\後期\01_dxproject_depthshadow\directxproject\assets\rendershadowps.cso
c:\users\riana\desktop\gg31\後期\01_dxproject_depthshadow\directxproject\assets\sampleps.cso
c:\users\riana\desktop\gg31\後期\01_dxproject_depthshadow\directxproject\assets\samplevs.cso
c:\users\riana\desktop\gg31\後期\01_dxproject_depthshadow\directxproject\assets\screenvs.cso
c:\users\riana\desktop\gg31\後期\01_dxproject_depthshadow\directxproject\assets\depthfadeps.cso
f:\02_dxproject_depthfade\directxproject\assets\depthfadeps.cso
f:\02_dxproject_depthfade\directxproject\assets\depthshadowps.cso
f:\02_dxproject_depthfade\directxproject\assets\depthshadowvs.cso
f:\02_dxproject_depthfade\directxproject\assets\depthwriteps.cso
f:\02_dxproject_depthfade\directxproject\assets\depthwritevs.cso
f:\02_dxproject_depthfade\directxproject\assets\rendershadowps.cso
f:\02_dxproject_depthfade\directxproject\assets\sampleps.cso
f:\02_dxproject_depthfade\directxproject\assets\samplevs.cso
f:\02_dxproject_depthfade\directxproject\assets\screenvs.cso
c:\users\riana\desktop\gg31\後期\01_dxproject_depthshadow\x64\debug\directxproject.exe
c:\users\riana\desktop\gg31\後期\01_dxproject_depthshadow\x64\debug\directxproject.ilk
c:\users\riana\desktop\gg31\後期\01_dxproject_depthshadow\x64\debug\directxproject.pdb
f:\02_dxproject_depthfade\directxproject\x64\debug\directxproject.ilk
f:\02_dxproject_depthfade\x64\debug\directxproject.exe
f:\02_dxproject_depthfade\x64\debug\directxproject.pdb
c:\users\skazz\desktop\sc\gg31\後期\02_dxproject_pointlight\directxproject\x64\debug\camera.obj
c:\users\skazz\desktop\sc\gg31\後期\02_dxproject_pointlight\directxproject\x64\debug\camera2d.obj
c:\users\skazz\desktop\sc\gg31\後期\02_dxproject_pointlight\directxproject\x64\debug\cameradebug.obj
c:\users\skazz\desktop\sc\gg31\後期\02_dxproject_pointlight\directxproject\x64\debug\cameramanager.obj
c:\users\skazz\desktop\sc\gg31\後期\02_dxproject_pointlight\directxproject\x64\debug\collision.obj
c:\users\skazz\desktop\sc\gg31\後期\02_dxproject_pointlight\directxproject\x64\debug\debug.obj
c:\users\skazz\desktop\sc\gg31\後期\02_dxproject_pointlight\directxproject\x64\debug\depthstencil.obj
c:\users\skazz\desktop\sc\gg31\後期\02_dxproject_pointlight\directxproject\x64\debug\depthstencilstate.obj
c:\users\skazz\desktop\sc\gg31\後期\02_dxproject_pointlight\directxproject\x64\debug\directx.obj
c:\users\skazz\desktop\sc\gg31\後期\02_dxproject_pointlight\directxproject\x64\debug\dxbuffer.obj
c:\users\skazz\desktop\sc\gg31\後期\02_dxproject_pointlight\directxproject\x64\debug\fbxloadanimation.obj
c:\users\skazz\desktop\sc\gg31\後期\02_dxproject_pointlight\directxproject\x64\debug\fbxloadbone.obj
c:\users\skazz\desktop\sc\gg31\後期\02_dxproject_pointlight\directxproject\x64\debug\fbxloader.obj
c:\users\skazz\desktop\sc\gg31\後期\02_dxproject_pointlight\directxproject\x64\debug\fbxloadmaterial.obj
c:\users\skazz\desktop\sc\gg31\後期\02_dxproject_pointlight\directxproject\x64\debug\fbxloadmesh.obj
c:\users\skazz\desktop\sc\gg31\後期\02_dxproject_pointlight\directxproject\x64\debug\font.obj
c:\users\skazz\desktop\sc\gg31\後期\02_dxproject_pointlight\directxproject\x64\debug\geometory.obj
c:\users\skazz\desktop\sc\gg31\後期\02_dxproject_pointlight\directxproject\x64\debug\ggdepthfade.obj
c:\users\skazz\desktop\sc\gg31\後期\02_dxproject_pointlight\directxproject\x64\debug\ggdepthshadow.obj
c:\users\skazz\desktop\sc\gg31\後期\02_dxproject_pointlight\directxproject\x64\debug\gglevelmain.obj
c:\users\skazz\desktop\sc\gg31\後期\02_dxproject_pointlight\directxproject\x64\debug\gglightcamera.obj
c:\users\skazz\desktop\sc\gg31\後期\02_dxproject_pointlight\directxproject\x64\debug\graphics.obj
c:\users\skazz\desktop\sc\gg31\後期\02_dxproject_pointlight\directxproject\x64\debug\input.obj
c:\users\skazz\desktop\sc\gg31\後期\02_dxproject_pointlight\directxproject\x64\debug\log.obj
c:\users\skazz\desktop\sc\gg31\後期\02_dxproject_pointlight\directxproject\x64\debug\main.obj
c:\users\skazz\desktop\sc\gg31\後期\02_dxproject_pointlight\directxproject\x64\debug\manipulator.obj
c:\users\skazz\desktop\sc\gg31\後期\02_dxproject_pointlight\directxproject\x64\debug\math.obj
c:\users\skazz\desktop\sc\gg31\後期\02_dxproject_pointlight\directxproject\x64\debug\menu.obj
c:\users\skazz\desktop\sc\gg31\後期\02_dxproject_pointlight\directxproject\x64\debug\printscreen.obj
c:\users\skazz\desktop\sc\gg31\後期\02_dxproject_pointlight\directxproject\x64\debug\rendertarget.obj
c:\users\skazz\desktop\sc\gg31\後期\02_dxproject_pointlight\directxproject\x64\debug\samplerstate.obj
c:\users\skazz\desktop\sc\gg31\後期\02_dxproject_pointlight\directxproject\x64\debug\samplescene.obj
c:\users\skazz\desktop\sc\gg31\後期\02_dxproject_pointlight\directxproject\x64\debug\scenebase.obj
c:\users\skazz\desktop\sc\gg31\後期\02_dxproject_pointlight\directxproject\x64\debug\scenemanager.obj
c:\users\skazz\desktop\sc\gg31\後期\02_dxproject_pointlight\directxproject\x64\debug\shader.obj
c:\users\skazz\desktop\sc\gg31\後期\02_dxproject_pointlight\directxproject\x64\debug\shaderlist.obj
c:\users\skazz\desktop\sc\gg31\後期\02_dxproject_pointlight\directxproject\x64\debug\shaderscene.obj
c:\users\skazz\desktop\sc\gg31\後期\02_dxproject_pointlight\directxproject\x64\debug\startup.obj
c:\users\skazz\desktop\sc\gg31\後期\02_dxproject_pointlight\directxproject\x64\debug\tangentmodel.obj
c:\users\skazz\desktop\sc\gg31\後期\02_dxproject_pointlight\directxproject\x64\debug\text.obj
c:\users\skazz\desktop\sc\gg31\後期\02_dxproject_pointlight\directxproject\x64\debug\texture.obj
c:\users\skazz\desktop\sc\gg31\後期\02_dxproject_pointlight\directxproject\x64\debug\texturefactory.obj
c:\users\skazz\desktop\sc\gg31\後期\02_dxproject_pointlight\directxproject\x64\debug\texturefilter.obj
c:\users\skazz\desktop\sc\gg31\後期\02_dxproject_pointlight\directxproject\x64\debug\texturefiltersdf.obj
c:\users\skazz\desktop\sc\gg31\後期\02_dxproject_pointlight\directxproject\x64\debug\directxproject.ilk
c:\users\skazz\desktop\sc\gg31\後期\02_dxproject_pointlight\directxproject\x64\debug\vc142.idb
c:\users\skazz\desktop\sc\gg31\後期\02_dxproject_pointlight\directxproject\x64\debug\vc142.pdb
c:\users\skazz\desktop\sc\gg31\後期\02_dxproject_pointlight\x64\debug\directxproject.pdb
c:\users\skazz\desktop\sc\gg31\後期\02_dxproject_pointlight\x64\debug\directxproject.exe
c:\users\skazz\desktop\sc\gg31\後期\02_dxproject_pointlight\x64\debug\directxproject.ilk
c:\users\skazz\desktop\sc\gg31\後期\02_dxproject_pointlight\directxproject\x64\debug\directxproject.tlog\cl.command.1.tlog
c:\users\skazz\desktop\sc\gg31\後期\02_dxproject_pointlight\directxproject\x64\debug\directxproject.tlog\cl.read.1.tlog
c:\users\skazz\desktop\sc\gg31\後期\02_dxproject_pointlight\directxproject\x64\debug\directxproject.tlog\cl.write.1.tlog
c:\users\skazz\desktop\sc\gg31\後期\02_dxproject_pointlight\directxproject\x64\debug\directxproject.tlog\fxc.command.1.tlog
c:\users\skazz\desktop\sc\gg31\後期\02_dxproject_pointlight\directxproject\x64\debug\directxproject.tlog\fxc.read.1.tlog
c:\users\skazz\desktop\sc\gg31\後期\02_dxproject_pointlight\directxproject\x64\debug\directxproject.tlog\fxc.write.1.tlog
c:\users\skazz\desktop\sc\gg31\後期\02_dxproject_pointlight\directxproject\x64\debug\directxproject.tlog\link.command.1.tlog
c:\users\skazz\desktop\sc\gg31\後期\02_dxproject_pointlight\directxproject\x64\debug\directxproject.tlog\link.delete.1.tlog
c:\users\skazz\desktop\sc\gg31\後期\02_dxproject_pointlight\directxproject\x64\debug\directxproject.tlog\link.read.1.tlog
c:\users\skazz\desktop\sc\gg31\後期\02_dxproject_pointlight\directxproject\x64\debug\directxproject.tlog\link.write.1.tlog
